  Identification des projets à restaurer...
  Tous les projets sont à jour pour la restauration.
  StudyBuddy.Core -> C:\Users\BICHARA\Downloads\Dot net\Studybuddy-Backend-G1-.Net-main\src\StudyBuddy.Core\bin\Debug\net9.0\StudyBuddy.Core.dll
  StudyBuddy.Data -> C:\Users\BICHARA\Downloads\Dot net\Studybuddy-Backend-G1-.Net-main\src\StudyBuddy.Data\bin\Debug\net9.0\StudyBuddy.Data.dll
  StudyBuddy.Services -> C:\Users\BICHARA\Downloads\Dot net\Studybuddy-Backend-G1-.Net-main\src\StudyBuddy.Services\bin\Debug\net9.0\StudyBuddy.Services.dll
C:\Users\BICHARA\Downloads\Dot net\Studybuddy-Backend-G1-.Net-main\src\StudyBuddy.API\Program.cs(18,18): error CS1061: 'IServiceCollection' ne contient pas de définition pour 'AddSwaggerGen' et aucune méthode d'extension accessible 'AddSwaggerGen' acceptant un premier argument de type 'IServiceCollection' n'a été trouvée (une directive using ou une référence d'assembly est-elle manquante ?) [C:\Users\BICHARA\Downloads\Dot net\Studybuddy-Backend-G1-.Net-main\src\StudyBuddy.API\StudyBuddy.API.csproj]
C:\Users\BICHARA\Downloads\Dot net\Studybuddy-Backend-G1-.Net-main\src\StudyBuddy.API\Program.cs(88,9): error CS1061: 'WebApplication' ne contient pas de définition pour 'UseSwagger' et aucune méthode d'extension accessible 'UseSwagger' acceptant un premier argument de type 'WebApplication' n'a été trouvée (une directive using ou une référence d'assembly est-elle manquante ?) [C:\Users\BICHARA\Downloads\Dot net\Studybuddy-Backend-G1-.Net-main\src\StudyBuddy.API\StudyBuddy.API.csproj]
C:\Users\BICHARA\Downloads\Dot net\Studybuddy-Backend-G1-.Net-main\src\StudyBuddy.API\Program.cs(89,9): error CS1061: 'WebApplication' ne contient pas de définition pour 'UseSwaggerUI' et aucune méthode d'extension accessible 'UseSwaggerUI' acceptant un premier argument de type 'WebApplication' n'a été trouvée (une directive using ou une référence d'assembly est-elle manquante ?) [C:\Users\BICHARA\Downloads\Dot net\Studybuddy-Backend-G1-.Net-main\src\StudyBuddy.API\StudyBuddy.API.csproj]

ÉCHEC de la build.

C:\Users\BICHARA\Downloads\Dot net\Studybuddy-Backend-G1-.Net-main\src\StudyBuddy.API\Program.cs(18,18): error CS1061: 'IServiceCollection' ne contient pas de définition pour 'AddSwaggerGen' et aucune méthode d'extension accessible 'AddSwaggerGen' acceptant un premier argument de type 'IServiceCollection' n'a été trouvée (une directive using ou une référence d'assembly est-elle manquante ?) [C:\Users\BICHARA\Downloads\Dot net\Studybuddy-Backend-G1-.Net-main\src\StudyBuddy.API\StudyBuddy.API.csproj]
C:\Users\BICHARA\Downloads\Dot net\Studybuddy-Backend-G1-.Net-main\src\StudyBuddy.API\Program.cs(88,9): error CS1061: 'WebApplication' ne contient pas de définition pour 'UseSwagger' et aucune méthode d'extension accessible 'UseSwagger' acceptant un premier argument de type 'WebApplication' n'a été trouvée (une directive using ou une référence d'assembly est-elle manquante ?) [C:\Users\BICHARA\Downloads\Dot net\Studybuddy-Backend-G1-.Net-main\src\StudyBuddy.API\StudyBuddy.API.csproj]
C:\Users\BICHARA\Downloads\Dot net\Studybuddy-Backend-G1-.Net-main\src\StudyBuddy.API\Program.cs(89,9): error CS1061: 'WebApplication' ne contient pas de définition pour 'UseSwaggerUI' et aucune méthode d'extension accessible 'UseSwaggerUI' acceptant un premier argument de type 'WebApplication' n'a été trouvée (une directive using ou une référence d'assembly est-elle manquante ?) [C:\Users\BICHARA\Downloads\Dot net\Studybuddy-Backend-G1-.Net-main\src\StudyBuddy.API\StudyBuddy.API.csproj]
    0 Avertissement(s)
    3 Erreur(s)

Temps écoulé 00:00:01.73
